<?xml version="1.0" encoding="UTF-8"?>
<!-- Generated by org.testng.reporters.JUnitXMLReporter -->
<testsuite ignored="0" hostname="luk-49ymtc2" failures="0" tests="9" name="Rest API regression Test" time="14.293" errors="0" timestamp="2020-03-09T12:18:23 GMT">
  <testcase classname="com.qa.api.gorest.tests.GetUserTest" name="getAllUserListAPITest" time="9.512"/>
  <testcase classname="com.qa.api.gorest.tests.CreateUserTest" name="createUserAPIPOSTTest" time="4.413"/>
  <testcase classname="com.qa.api.gorest.tests.GetImgurAPITest" name="getAccountBlockStatus" time="1.01"/>
  <testcase classname="com.qa.api.gorest.tests.CreateUserTest" name="createUserAPIPOSTTest" time="1.51"/>
  <testcase classname="com.qa.api.gorest.tests.GetUserTest" name="getUserWithQueryParamsAPITest" time="1.718"/>
  <testcase classname="com.qa.api.gorest.tests.GetImgurAPITest" name="getAccountImages" time="0.602"/>
  <testcase classname="com.qa.api.gorest.tests.CreateUserTest" name="createUserAPIPOSTTest" time="1.336"/>
  <testcase classname="com.qa.api.gorest.tests.GetImgurAPITest" name="uploadImagePostAPITest" time="1.163"/>
  <testcase classname="com.qa.api.gorest.tests.CreateUserTest" name="createUserAPIPOSTTest" time="1.281"/>
</testsuite> <!-- Rest API regression Test -->
